[    1534ms] [ERROR] Failed to load resource: the server responded with a status of 422 (Unprocessable Content) @ http://localhost:8081/api/venues:0
[   59279ms] [ERROR] Failed to load resource: the server responded with a status of 404 (Not Found) @ http://localhost:8081/api/sport-categories:0
[   60355ms] [ERROR] Failed to load resource: the server responded with a status of 404 (Not Found) @ http://localhost:8081/api/sport-categories:0
[   62423ms] [ERROR] Failed to load resource: the server responded with a status of 404 (Not Found) @ http://localhost:8081/api/sport-categories:0
[   71124ms] [ERROR] Failed to load resource: the server responded with a status of 404 (Not Found) @ http://localhost:8081/api/sport-categories:0
[   72183ms] [ERROR] Failed to load resource: the server responded with a status of 404 (Not Found) @ http://localhost:8081/api/sport-categories:0
[   74266ms] [ERROR] Failed to load resource: the server responded with a status of 404 (Not Found) @ http://localhost:8081/api/sport-categories:0
[   83542ms] [ERROR] Failed to load resource: the server responded with a status of 422 (Unprocessable Content) @ http://localhost:8081/api/teams:0
[  100032ms] [ERROR] Failed to load resource: the server responded with a status of 500 (Internal Server Error) @ http://localhost:8081/api/teams:0
[  121423ms] [ERROR] Failed to load resource: the server responded with a status of 500 (Internal Server Error) @ http://localhost:8081/api/teams:0
[  133695ms] [ERROR] Failed to load resource: the server responded with a status of 500 (Internal Server Error) @ http://localhost:8081/api/teams:0
[  145569ms] [ERROR] Failed to load resource: the server responded with a status of 422 (Unprocessable Content) @ http://localhost:8081/api/coaches:0
[  158318ms] [ERROR] Failed to load resource: the server responded with a status of 500 (Internal Server Error) @ http://localhost:8081/api/teams:0
[  167508ms] [ERROR] Failed to load resource: the server responded with a status of 500 (Internal Server Error) @ http://localhost:8081/api/teams:0
[  215717ms] [WARNING] Unknown option 'eventDrop' @ http://localhost:8081/assets/ScheduleViewPage-DAY82qhH.js:0
[  215717ms] [WARNING] Unknown option 'eventResize' @ http://localhost:8081/assets/ScheduleViewPage-DAY82qhH.js:0
[  216193ms] [WARNING] Unknown option 'eventDrop' @ http://localhost:8081/assets/ScheduleViewPage-DAY82qhH.js:0
[  216194ms] [WARNING] Unknown option 'eventResize' @ http://localhost:8081/assets/ScheduleViewPage-DAY82qhH.js:0
[  216325ms] [WARNING] Unknown option 'eventDrop' @ http://localhost:8081/assets/ScheduleViewPage-DAY82qhH.js:0
[  216326ms] [WARNING] Unknown option 'eventResize' @ http://localhost:8081/assets/ScheduleViewPage-DAY82qhH.js:0
