[     218ms] [INFO] %cDownload the React DevTools for a better development experience: https://reactjs.org/link/react-devtools font-weight:bold @ http://localhost:5173/node_modules/.vite/deps/react-dom-D_dvfKPJ.js?v=b1d5c645:17231
[     312ms] [WARNING] ⚠️ React Router Future Flag Warning: React Router will begin wrapping state updates in `React.startTransition` in v7. You can use the `v7_startTransition` future flag to opt-in early. For more information, see https://reactrouter.com/v6/upgrading/future#v7_starttransition. @ http://localhost:5173/node_modules/.vite/deps/react-router-dom.js?v=b1d5c645:3612
[    2058ms] [WARNING] Unknown option 'eventDrop' @ http://localhost:5173/node_modules/.vite/deps/internal-CcFhsVCs.js?v=b1d5c645:7315
[    2059ms] [WARNING] Unknown option 'eventResize' @ http://localhost:5173/node_modules/.vite/deps/internal-CcFhsVCs.js?v=b1d5c645:7315
[    2395ms] [WARNING] Unknown option 'eventDrop' @ http://localhost:5173/node_modules/.vite/deps/internal-CcFhsVCs.js?v=b1d5c645:7315
[    2396ms] [WARNING] Unknown option 'eventResize' @ http://localhost:5173/node_modules/.vite/deps/internal-CcFhsVCs.js?v=b1d5c645:7315
[   23391ms] [ERROR] Query data cannot be undefined. Please make sure to return a value other than undefined from your query function. Affected query key: ["venues"] @ http://localhost:5173/node_modules/.vite/deps/modern-DGu0I7ak.js?v=b1d5c645:1028
[   23554ms] [ERROR] Query data cannot be undefined. Please make sure to return a value other than undefined from your query function. Affected query key: ["priority-tiers"] @ http://localhost:5173/node_modules/.vite/deps/modern-DGu0I7ak.js?v=b1d5c645:1028
[   23599ms] [ERROR] Query data cannot be undefined. Please make sure to return a value other than undefined from your query function. Affected query key: ["venue-constraints"] @ http://localhost:5173/node_modules/.vite/deps/modern-DGu0I7ak.js?v=b1d5c645:1028
[   23624ms] [ERROR] Query data cannot be undefined. Please make sure to return a value other than undefined from your query function. Affected query key: ["teams"] @ http://localhost:5173/node_modules/.vite/deps/modern-DGu0I7ak.js?v=b1d5c645:1028
[   23743ms] [ERROR] Query data cannot be undefined. Please make sure to return a value other than undefined from your query function. Affected query key: ["team-constraints"] @ http://localhost:5173/node_modules/.vite/deps/modern-DGu0I7ak.js?v=b1d5c645:1028
[   23814ms] [ERROR] Query data cannot be undefined. Please make sure to return a value other than undefined from your query function. Affected query key: ["coaches"] @ http://localhost:5173/node_modules/.vite/deps/modern-DGu0I7ak.js?v=b1d5c645:1028
[   23825ms] [ERROR] Query data cannot be undefined. Please make sure to return a value other than undefined from your query function. Affected query key: ["coach-unavailabilities"] @ http://localhost:5173/node_modules/.vite/deps/modern-DGu0I7ak.js?v=b1d5c645:1028
[   64628ms] [ERROR] Query data cannot be undefined. Please make sure to return a value other than undefined from your query function. Affected query key: ["priority-tiers"] @ http://localhost:5173/node_modules/.vite/deps/modern-DGu0I7ak.js?v=b1d5c645:1028
[   64674ms] [ERROR] Query data cannot be undefined. Please make sure to return a value other than undefined from your query function. Affected query key: ["teams"] @ http://localhost:5173/node_modules/.vite/deps/modern-DGu0I7ak.js?v=b1d5c645:1028
[   64724ms] [ERROR] Query data cannot be undefined. Please make sure to return a value other than undefined from your query function. Affected query key: ["venues"] @ http://localhost:5173/node_modules/.vite/deps/modern-DGu0I7ak.js?v=b1d5c645:1028
[   64836ms] [ERROR] Query data cannot be undefined. Please make sure to return a value other than undefined from your query function. Affected query key: ["coaches"] @ http://localhost:5173/node_modules/.vite/deps/modern-DGu0I7ak.js?v=b1d5c645:1028
[   64895ms] [ERROR] Query data cannot be undefined. Please make sure to return a value other than undefined from your query function. Affected query key: ["team-constraints"] @ http://localhost:5173/node_modules/.vite/deps/modern-DGu0I7ak.js?v=b1d5c645:1028
[   64982ms] [ERROR] Query data cannot be undefined. Please make sure to return a value other than undefined from your query function. Affected query key: ["venue-constraints"] @ http://localhost:5173/node_modules/.vite/deps/modern-DGu0I7ak.js?v=b1d5c645:1028
[   65069ms] [ERROR] Query data cannot be undefined. Please make sure to return a value other than undefined from your query function. Affected query key: ["coach-unavailabilities"] @ http://localhost:5173/node_modules/.vite/deps/modern-DGu0I7ak.js?v=b1d5c645:1028
